[2025-01-15T18:31:09.666+0000] {local_task_job_runner.py:123} INFO - ::group::Pre task execution logs
[2025-01-15T18:31:09.948+0000] {taskinstance.py:2613} INFO - Dependencies all met for dep_context=non-requeueable deps ti=<TaskInstance: nifty_option_chain_dag.fetch_and_append_data scheduled__2025-01-15T11:20:00+00:00 [queued]>
[2025-01-15T18:31:10.036+0000] {taskinstance.py:2613} INFO - Dependencies all met for dep_context=requeueable deps ti=<TaskInstance: nifty_option_chain_dag.fetch_and_append_data scheduled__2025-01-15T11:20:00+00:00 [queued]>
[2025-01-15T18:31:10.043+0000] {taskinstance.py:2866} INFO - Starting attempt 1 of 5
[2025-01-15T18:31:10.140+0000] {taskinstance.py:2889} INFO - Executing <Task(PythonOperator): fetch_and_append_data> on 2025-01-15 11:20:00+00:00
[2025-01-15T18:31:10.214+0000] {warnings.py:112} WARNING - /home/airflow/.local/lib/python3.12/site-packages/airflow/task/task_runner/standard_task_runner.py:70: DeprecationWarning: This process (pid=100) is multi-threaded, use of fork() may lead to deadlocks in the child.
  pid = os.fork()

[2025-01-15T18:31:10.227+0000] {standard_task_runner.py:72} INFO - Started process 105 to run task
[2025-01-15T18:31:10.221+0000] {standard_task_runner.py:104} INFO - Running: ['airflow', 'tasks', 'run', 'nifty_option_chain_dag', 'fetch_and_append_data', 'scheduled__2025-01-15T11:20:00+00:00', '--job-id', '534', '--raw', '--subdir', 'DAGS_FOLDER/option_chain_data_extraction.py', '--cfg-path', '/tmp/tmp00mvpxle']
[2025-01-15T18:31:10.237+0000] {standard_task_runner.py:105} INFO - Job 534: Subtask fetch_and_append_data
[2025-01-15T18:31:10.638+0000] {task_command.py:467} INFO - Running <TaskInstance: nifty_option_chain_dag.fetch_and_append_data scheduled__2025-01-15T11:20:00+00:00 [running]> on host d1f8c4a6f480
[2025-01-15T18:31:11.797+0000] {taskinstance.py:3132} INFO - Exporting env vars: AIRFLOW_CTX_DAG_OWNER='Ballal' AIRFLOW_CTX_DAG_ID='nifty_option_chain_dag' AIRFLOW_CTX_TASK_ID='fetch_and_append_data' AIRFLOW_CTX_EXECUTION_DATE='2025-01-15T11:20:00+00:00' AIRFLOW_CTX_TRY_NUMBER='1' AIRFLOW_CTX_DAG_RUN_ID='scheduled__2025-01-15T11:20:00+00:00'
[2025-01-15T18:31:11.802+0000] {taskinstance.py:731} INFO - ::endgroup::
[2025-01-15T18:31:11.900+0000] {logging_mixin.py:190} INFO - Current time: 2025-01-16 00:01:11.900145+05:30
[2025-01-15T18:31:11.901+0000] {logging_mixin.py:190} INFO - Outside trading hours. Skipping task.
[2025-01-15T18:31:11.902+0000] {python.py:240} INFO - Done. Returned value was: None
[2025-01-15T18:31:12.013+0000] {taskinstance.py:340} INFO - ::group::Post task execution logs
[2025-01-15T18:31:12.014+0000] {taskinstance.py:352} INFO - Marking task as SUCCESS. dag_id=nifty_option_chain_dag, task_id=fetch_and_append_data, run_id=scheduled__2025-01-15T11:20:00+00:00, execution_date=20250115T112000, start_date=20250115T183109, end_date=20250115T183112
[2025-01-15T18:31:12.181+0000] {local_task_job_runner.py:266} INFO - Task exited with return code 0
[2025-01-15T18:31:12.389+0000] {local_task_job_runner.py:245} INFO - ::endgroup::
