[2025-01-22T08:33:56.420+0000] {local_task_job_runner.py:123} INFO - ::group::Pre task execution logs
[2025-01-22T08:33:56.439+0000] {taskinstance.py:2613} INFO - Dependencies all met for dep_context=non-requeueable deps ti=<TaskInstance: pyspark_process_csv.process_csv_task manual__2025-01-22T08:33:52.266207+00:00 [queued]>
[2025-01-22T08:33:56.446+0000] {taskinstance.py:2613} INFO - Dependencies all met for dep_context=requeueable deps ti=<TaskInstance: pyspark_process_csv.process_csv_task manual__2025-01-22T08:33:52.266207+00:00 [queued]>
[2025-01-22T08:33:56.446+0000] {taskinstance.py:2866} INFO - Starting attempt 1 of 2
[2025-01-22T08:33:56.458+0000] {taskinstance.py:2889} INFO - Executing <Task(PythonOperator): process_csv_task> on 2025-01-22 08:33:52.266207+00:00
[2025-01-22T08:33:56.469+0000] {standard_task_runner.py:72} INFO - Started process 322 to run task
[2025-01-22T08:33:56.476+0000] {standard_task_runner.py:104} INFO - Running: ['airflow', 'tasks', 'run', 'pyspark_process_csv', 'process_csv_task', 'manual__2025-01-22T08:33:52.266207+00:00', '--job-id', '26', '--raw', '--subdir', 'DAGS_FOLDER/spark_dag.py', '--cfg-path', '/tmp/tmpp_ten9c5']
[2025-01-22T08:33:56.479+0000] {standard_task_runner.py:105} INFO - Job 26: Subtask process_csv_task
[2025-01-22T08:33:56.554+0000] {task_command.py:467} INFO - Running <TaskInstance: pyspark_process_csv.process_csv_task manual__2025-01-22T08:33:52.266207+00:00 [running]> on host 4dd695800fba
[2025-01-22T08:33:56.660+0000] {taskinstance.py:3132} INFO - Exporting env vars: AIRFLOW_CTX_DAG_OWNER='airflow' AIRFLOW_CTX_DAG_ID='pyspark_process_csv' AIRFLOW_CTX_TASK_ID='process_csv_task' AIRFLOW_CTX_EXECUTION_DATE='2025-01-22T08:33:52.266207+00:00' AIRFLOW_CTX_TRY_NUMBER='1' AIRFLOW_CTX_DAG_RUN_ID='manual__2025-01-22T08:33:52.266207+00:00'
[2025-01-22T08:33:56.661+0000] {taskinstance.py:731} INFO - ::endgroup::
[2025-01-22T08:34:10.486+0000] {logging_mixin.py:190} INFO - +--------------------+--------------------+--------+--------------------+--------+--------------------+-----------+-----------+--------------------+
|               Title|        Publish Date|Duration|                Tags|Category|          Guest Name|View Counts|Like Counts|          Count Date|
+--------------------+--------------------+--------+--------------------+--------+--------------------+-----------+-----------+--------------------+
|Joe Rogan Experie...|2025-01-16T18:00:14Z| 10074.0|['Joe Rogan Exper...|      22|      Steven Rinella|      25829|       1296|2025-01-16T18:00:14Z|
|Joe Rogan Experie...|2025-01-15T18:00:44Z|  9981.0|['Joe Rogan Exper...|      22|        Bryan Callen|     779034|      17502|2025-01-15T18:00:44Z|
|Joe Rogan Experie...|2025-01-10T18:00:12Z| 10236.0|['Joe Rogan Exper...|      22|     Mark Zuckerberg|    7300397|     154681|2025-01-10T18:00:12Z|
|Joe Rogan Experie...|2025-01-09T18:00:02Z|  8459.0|['Joe Rogan Exper...|      22|          Mel Gibson|    7514820|     246517|2025-01-09T18:00:02Z|
|Joe Rogan Experie...|2025-01-08T18:00:10Z|  7149.0|['Joe Rogan Exper...|      22|            Theo Von|    3766024|      73348|2025-01-08T18:00:10Z|
|Joe Rogan Experie...|2025-01-07T18:00:11Z| 11746.0|['Joe Rogan Exper...|      22|         Wesley Huff|    4775093|     151410|2025-01-07T18:00:11Z|
|Joe Rogan Experie...|2025-01-02T18:00:37Z|  7629.0|['Joe Rogan Exper...|      22|Rick Perry & W. B...|    1401285|      29204|2025-01-02T18:00:37Z|
|Joe Rogan Experie...|2025-01-01T18:00:15Z|  7338.0|['Joe Rogan Exper...|      22|             Raekwon|     812179|      21893|2025-01-01T18:00:15Z|
|Joe Rogan Experie...|2024-12-31T18:00:09Z| 11306.0|['Joe Rogan Exper...|      22|Yannis Pappas & C...|    1830039|      26753|2024-12-31T18:00:09Z|
|Joe Rogan Experie...|2024-12-26T18:00:17Z| 10332.0|['Joe Rogan Exper...|      22|     Michael Waddell|     978588|      14669|2024-12-26T18:00:17Z|
+--------------------+--------------------+--------+--------------------+--------+--------------------+-----------+-----------+--------------------+
only showing top 10 rows
[2025-01-22T08:34:10.838+0000] {python.py:240} INFO - Done. Returned value was: None
[2025-01-22T08:34:10.856+0000] {taskinstance.py:340} INFO - ::group::Post task execution logs
[2025-01-22T08:34:10.856+0000] {taskinstance.py:352} INFO - Marking task as SUCCESS. dag_id=pyspark_process_csv, task_id=process_csv_task, run_id=manual__2025-01-22T08:33:52.266207+00:00, execution_date=20250122T083352, start_date=20250122T083356, end_date=20250122T083410
[2025-01-22T08:34:10.891+0000] {local_task_job_runner.py:266} INFO - Task exited with return code 0
[2025-01-22T08:34:10.921+0000] {taskinstance.py:3895} INFO - 0 downstream tasks scheduled from follow-on schedule check
[2025-01-22T08:34:10.923+0000] {local_task_job_runner.py:245} INFO - ::endgroup::
