[2025-01-15T18:31:10.484+0000] {local_task_job_runner.py:123} INFO - ::group::Pre task execution logs
[2025-01-15T18:31:10.758+0000] {taskinstance.py:2613} INFO - Dependencies all met for dep_context=non-requeueable deps ti=<TaskInstance: nifty_data_extraction.extract_nifty_data scheduled__2025-01-15T11:28:00+00:00 [queued]>
[2025-01-15T18:31:10.897+0000] {taskinstance.py:2613} INFO - Dependencies all met for dep_context=requeueable deps ti=<TaskInstance: nifty_data_extraction.extract_nifty_data scheduled__2025-01-15T11:28:00+00:00 [queued]>
[2025-01-15T18:31:10.897+0000] {taskinstance.py:2866} INFO - Starting attempt 1 of 6
[2025-01-15T18:31:11.089+0000] {taskinstance.py:2889} INFO - Executing <Task(PythonOperator): extract_nifty_data> on 2025-01-15 11:28:00+00:00
[2025-01-15T18:31:11.163+0000] {warnings.py:112} WARNING - /home/airflow/.local/lib/python3.12/site-packages/airflow/task/task_runner/standard_task_runner.py:70: DeprecationWarning: This process (pid=101) is multi-threaded, use of fork() may lead to deadlocks in the child.
  pid = os.fork()

[2025-01-15T18:31:11.173+0000] {standard_task_runner.py:72} INFO - Started process 111 to run task
[2025-01-15T18:31:11.191+0000] {standard_task_runner.py:104} INFO - Running: ['airflow', 'tasks', 'run', 'nifty_data_extraction', 'extract_nifty_data', 'scheduled__2025-01-15T11:28:00+00:00', '--job-id', '537', '--raw', '--subdir', 'DAGS_FOLDER/nifty_data_extraction.py', '--cfg-path', '/tmp/tmpxwv0p7rt']
[2025-01-15T18:31:11.228+0000] {standard_task_runner.py:105} INFO - Job 537: Subtask extract_nifty_data
[2025-01-15T18:31:11.762+0000] {task_command.py:467} INFO - Running <TaskInstance: nifty_data_extraction.extract_nifty_data scheduled__2025-01-15T11:28:00+00:00 [running]> on host d1f8c4a6f480
[2025-01-15T18:31:12.909+0000] {taskinstance.py:3132} INFO - Exporting env vars: AIRFLOW_CTX_DAG_OWNER='Ballal' AIRFLOW_CTX_DAG_ID='nifty_data_extraction' AIRFLOW_CTX_TASK_ID='extract_nifty_data' AIRFLOW_CTX_EXECUTION_DATE='2025-01-15T11:28:00+00:00' AIRFLOW_CTX_TRY_NUMBER='1' AIRFLOW_CTX_DAG_RUN_ID='scheduled__2025-01-15T11:28:00+00:00'
[2025-01-15T18:31:12.915+0000] {taskinstance.py:731} INFO - ::endgroup::
[2025-01-15T18:31:12.977+0000] {logging_mixin.py:190} INFO - Current time: 2025-01-16 00:01:12.977093+05:30
[2025-01-15T18:31:12.977+0000] {logging_mixin.py:190} INFO - Outside trading hours. Skipping task.
[2025-01-15T18:31:12.978+0000] {python.py:240} INFO - Done. Returned value was: None
[2025-01-15T18:31:13.028+0000] {taskinstance.py:340} INFO - ::group::Post task execution logs
[2025-01-15T18:31:13.029+0000] {taskinstance.py:352} INFO - Marking task as SUCCESS. dag_id=nifty_data_extraction, task_id=extract_nifty_data, run_id=scheduled__2025-01-15T11:28:00+00:00, execution_date=20250115T112800, start_date=20250115T183110, end_date=20250115T183113
[2025-01-15T18:31:13.110+0000] {local_task_job_runner.py:266} INFO - Task exited with return code 0
[2025-01-15T18:31:13.194+0000] {taskinstance.py:3895} INFO - 0 downstream tasks scheduled from follow-on schedule check
[2025-01-15T18:31:13.201+0000] {local_task_job_runner.py:245} INFO - ::endgroup::
