[2025-01-22T09:58:22.677+0000] {local_task_job_runner.py:123} INFO - ::group::Pre task execution logs
[2025-01-22T09:58:22.697+0000] {taskinstance.py:2613} INFO - Dependencies all met for dep_context=non-requeueable deps ti=<TaskInstance: pyspark_process_csv.process_csv_task manual__2025-01-22T09:53:09.771105+00:00 [queued]>
[2025-01-22T09:58:22.705+0000] {taskinstance.py:2613} INFO - Dependencies all met for dep_context=requeueable deps ti=<TaskInstance: pyspark_process_csv.process_csv_task manual__2025-01-22T09:53:09.771105+00:00 [queued]>
[2025-01-22T09:58:22.705+0000] {taskinstance.py:2866} INFO - Starting attempt 2 of 2
[2025-01-22T09:58:22.722+0000] {taskinstance.py:2889} INFO - Executing <Task(PythonOperator): process_csv_task> on 2025-01-22 09:53:09.771105+00:00
[2025-01-22T09:58:22.733+0000] {standard_task_runner.py:72} INFO - Started process 203 to run task
[2025-01-22T09:58:22.738+0000] {standard_task_runner.py:104} INFO - Running: ['airflow', 'tasks', 'run', 'pyspark_process_csv', 'process_csv_task', 'manual__2025-01-22T09:53:09.771105+00:00', '--job-id', '42', '--raw', '--subdir', 'DAGS_FOLDER/spark_dag.py', '--cfg-path', '/tmp/tmpimwcgxlb']
[2025-01-22T09:58:22.743+0000] {standard_task_runner.py:105} INFO - Job 42: Subtask process_csv_task
[2025-01-22T09:58:22.811+0000] {task_command.py:467} INFO - Running <TaskInstance: pyspark_process_csv.process_csv_task manual__2025-01-22T09:53:09.771105+00:00 [running]> on host f5bf093810c8
[2025-01-22T09:58:22.930+0000] {taskinstance.py:3132} INFO - Exporting env vars: AIRFLOW_CTX_DAG_OWNER='airflow' AIRFLOW_CTX_DAG_ID='pyspark_process_csv' AIRFLOW_CTX_TASK_ID='process_csv_task' AIRFLOW_CTX_EXECUTION_DATE='2025-01-22T09:53:09.771105+00:00' AIRFLOW_CTX_TRY_NUMBER='2' AIRFLOW_CTX_DAG_RUN_ID='manual__2025-01-22T09:53:09.771105+00:00'
[2025-01-22T09:58:22.931+0000] {taskinstance.py:731} INFO - ::endgroup::
[2025-01-22T09:58:35.545+0000] {taskinstance.py:3311} ERROR - Task failed with exception
Traceback (most recent call last):
  File "/home/airflow/.local/lib/python3.11/site-packages/airflow/models/taskinstance.py", line 767, in _execute_task
    result = _execute_callable(context=context, **execute_callable_kwargs)
             ^^^^^^^^^^^^^^^^^^^^^^^^^^^^^^^^^^^^^^^^^^^^^^^^^^^^^^^^^^^^^
  File "/home/airflow/.local/lib/python3.11/site-packages/airflow/models/taskinstance.py", line 733, in _execute_callable
    return ExecutionCallableRunner(
           ^^^^^^^^^^^^^^^^^^^^^^^^
  File "/home/airflow/.local/lib/python3.11/site-packages/airflow/utils/operator_helpers.py", line 252, in run
    return self.func(*args, **kwargs)
           ^^^^^^^^^^^^^^^^^^^^^^^^^^
  File "/home/airflow/.local/lib/python3.11/site-packages/airflow/models/baseoperator.py", line 422, in wrapper
    return func(self, *args, **kwargs)
           ^^^^^^^^^^^^^^^^^^^^^^^^^^^
  File "/home/airflow/.local/lib/python3.11/site-packages/airflow/operators/python.py", line 238, in execute
    return_value = self.execute_callable()
                   ^^^^^^^^^^^^^^^^^^^^^^^
  File "/home/airflow/.local/lib/python3.11/site-packages/airflow/operators/python.py", line 256, in execute_callable
    return runner.run(*self.op_args, **self.op_kwargs)
           ^^^^^^^^^^^^^^^^^^^^^^^^^^^^^^^^^^^^^^^^^^^
  File "/home/airflow/.local/lib/python3.11/site-packages/airflow/utils/operator_helpers.py", line 252, in run
    return self.func(*args, **kwargs)
           ^^^^^^^^^^^^^^^^^^^^^^^^^^
  File "/opt/airflow/dags/spark_dag.py", line 31, in process_csv
    with open(output_file, 'w', newline='', encoding='utf-8') as file:
         ^^^^^^^^^^^^^^^^^^^^^^^^^^^^^^^^^^^^^^^^^^^^^^^^^^^^
PermissionError: [Errno 13] Permission denied: '/opt/airflow/transformed_data/youtube_data/jre_transformed_data_2025-01-22.csv'
[2025-01-22T09:58:35.573+0000] {taskinstance.py:1225} INFO - Marking task as FAILED. dag_id=pyspark_process_csv, task_id=process_csv_task, run_id=manual__2025-01-22T09:53:09.771105+00:00, execution_date=20250122T095309, start_date=20250122T095822, end_date=20250122T095835
[2025-01-22T09:58:35.591+0000] {taskinstance.py:340} INFO - ::group::Post task execution logs
[2025-01-22T09:58:35.591+0000] {standard_task_runner.py:124} ERROR - Failed to execute job 42 for task process_csv_task ([Errno 13] Permission denied: '/opt/airflow/transformed_data/youtube_data/jre_transformed_data_2025-01-22.csv'; 203)
Traceback (most recent call last):
  File "/home/airflow/.local/lib/python3.11/site-packages/airflow/task/task_runner/standard_task_runner.py", line 117, in _start_by_fork
    ret = args.func(args, dag=self.dag)
          ^^^^^^^^^^^^^^^^^^^^^^^^^^^^^
  File "/home/airflow/.local/lib/python3.11/site-packages/airflow/cli/cli_config.py", line 49, in command
    return func(*args, **kwargs)
           ^^^^^^^^^^^^^^^^^^^^^
  File "/home/airflow/.local/lib/python3.11/site-packages/airflow/utils/cli.py", line 116, in wrapper
    return f(*args, **kwargs)
           ^^^^^^^^^^^^^^^^^^
  File "/home/airflow/.local/lib/python3.11/site-packages/airflow/cli/commands/task_command.py", line 483, in task_run
    task_return_code = _run_task_by_selected_method(args, _dag, ti)
                       ^^^^^^^^^^^^^^^^^^^^^^^^^^^^^^^^^^^^^^^^^^^^
  File "/home/airflow/.local/lib/python3.11/site-packages/airflow/cli/commands/task_command.py", line 256, in _run_task_by_selected_method
    return _run_raw_task(args, ti)
           ^^^^^^^^^^^^^^^^^^^^^^^
  File "/home/airflow/.local/lib/python3.11/site-packages/airflow/cli/commands/task_command.py", line 341, in _run_raw_task
    return ti._run_raw_task(
           ^^^^^^^^^^^^^^^^^
  File "/home/airflow/.local/lib/python3.11/site-packages/airflow/utils/session.py", line 97, in wrapper
    return func(*args, session=session, **kwargs)
           ^^^^^^^^^^^^^^^^^^^^^^^^^^^^^^^^^^^^^^
  File "/home/airflow/.local/lib/python3.11/site-packages/airflow/models/taskinstance.py", line 3005, in _run_raw_task
    return _run_raw_task(
           ^^^^^^^^^^^^^^
  File "/home/airflow/.local/lib/python3.11/site-packages/airflow/models/taskinstance.py", line 273, in _run_raw_task
    TaskInstance._execute_task_with_callbacks(
  File "/home/airflow/.local/lib/python3.11/site-packages/airflow/models/taskinstance.py", line 3159, in _execute_task_with_callbacks
    result = self._execute_task(context, task_orig)
             ^^^^^^^^^^^^^^^^^^^^^^^^^^^^^^^^^^^^^^
  File "/home/airflow/.local/lib/python3.11/site-packages/airflow/models/taskinstance.py", line 3183, in _execute_task
    return _execute_task(self, context, task_orig)
           ^^^^^^^^^^^^^^^^^^^^^^^^^^^^^^^^^^^^^^^
  File "/home/airflow/.local/lib/python3.11/site-packages/airflow/models/taskinstance.py", line 767, in _execute_task
    result = _execute_callable(context=context, **execute_callable_kwargs)
             ^^^^^^^^^^^^^^^^^^^^^^^^^^^^^^^^^^^^^^^^^^^^^^^^^^^^^^^^^^^^^
  File "/home/airflow/.local/lib/python3.11/site-packages/airflow/models/taskinstance.py", line 733, in _execute_callable
    return ExecutionCallableRunner(
           ^^^^^^^^^^^^^^^^^^^^^^^^
  File "/home/airflow/.local/lib/python3.11/site-packages/airflow/utils/operator_helpers.py", line 252, in run
    return self.func(*args, **kwargs)
           ^^^^^^^^^^^^^^^^^^^^^^^^^^
  File "/home/airflow/.local/lib/python3.11/site-packages/airflow/models/baseoperator.py", line 422, in wrapper
    return func(self, *args, **kwargs)
           ^^^^^^^^^^^^^^^^^^^^^^^^^^^
  File "/home/airflow/.local/lib/python3.11/site-packages/airflow/operators/python.py", line 238, in execute
    return_value = self.execute_callable()
                   ^^^^^^^^^^^^^^^^^^^^^^^
  File "/home/airflow/.local/lib/python3.11/site-packages/airflow/operators/python.py", line 256, in execute_callable
    return runner.run(*self.op_args, **self.op_kwargs)
           ^^^^^^^^^^^^^^^^^^^^^^^^^^^^^^^^^^^^^^^^^^^
  File "/home/airflow/.local/lib/python3.11/site-packages/airflow/utils/operator_helpers.py", line 252, in run
    return self.func(*args, **kwargs)
           ^^^^^^^^^^^^^^^^^^^^^^^^^^
  File "/opt/airflow/dags/spark_dag.py", line 31, in process_csv
    with open(output_file, 'w', newline='', encoding='utf-8') as file:
         ^^^^^^^^^^^^^^^^^^^^^^^^^^^^^^^^^^^^^^^^^^^^^^^^^^^^
PermissionError: [Errno 13] Permission denied: '/opt/airflow/transformed_data/youtube_data/jre_transformed_data_2025-01-22.csv'
[2025-01-22T09:58:35.635+0000] {local_task_job_runner.py:266} INFO - Task exited with return code 1
[2025-01-22T09:58:35.690+0000] {taskinstance.py:3895} INFO - 0 downstream tasks scheduled from follow-on schedule check
[2025-01-22T09:58:35.692+0000] {local_task_job_runner.py:245} INFO - ::endgroup::
