[2025-01-15T18:31:09.573+0000] {local_task_job_runner.py:123} INFO - ::group::Pre task execution logs
[2025-01-15T18:31:09.896+0000] {taskinstance.py:2613} INFO - Dependencies all met for dep_context=non-requeueable deps ti=<TaskInstance: nifty_data_extraction.extract_nifty_data scheduled__2025-01-15T10:56:00+00:00 [queued]>
[2025-01-15T18:31:09.981+0000] {taskinstance.py:2613} INFO - Dependencies all met for dep_context=requeueable deps ti=<TaskInstance: nifty_data_extraction.extract_nifty_data scheduled__2025-01-15T10:56:00+00:00 [queued]>
[2025-01-15T18:31:09.982+0000] {taskinstance.py:2866} INFO - Starting attempt 1 of 6
[2025-01-15T18:31:10.109+0000] {taskinstance.py:2889} INFO - Executing <Task(PythonOperator): extract_nifty_data> on 2025-01-15 10:56:00+00:00
[2025-01-15T18:31:10.148+0000] {warnings.py:112} WARNING - /home/airflow/.local/lib/python3.12/site-packages/airflow/task/task_runner/standard_task_runner.py:70: DeprecationWarning: This process (pid=99) is multi-threaded, use of fork() may lead to deadlocks in the child.
  pid = os.fork()

[2025-01-15T18:31:10.161+0000] {standard_task_runner.py:72} INFO - Started process 103 to run task
[2025-01-15T18:31:10.173+0000] {standard_task_runner.py:104} INFO - Running: ['airflow', 'tasks', 'run', 'nifty_data_extraction', 'extract_nifty_data', 'scheduled__2025-01-15T10:56:00+00:00', '--job-id', '533', '--raw', '--subdir', 'DAGS_FOLDER/nifty_data_extraction.py', '--cfg-path', '/tmp/tmpr4_fd815']
[2025-01-15T18:31:10.191+0000] {standard_task_runner.py:105} INFO - Job 533: Subtask extract_nifty_data
[2025-01-15T18:31:10.709+0000] {task_command.py:467} INFO - Running <TaskInstance: nifty_data_extraction.extract_nifty_data scheduled__2025-01-15T10:56:00+00:00 [running]> on host d1f8c4a6f480
[2025-01-15T18:31:11.669+0000] {taskinstance.py:3132} INFO - Exporting env vars: AIRFLOW_CTX_DAG_OWNER='Ballal' AIRFLOW_CTX_DAG_ID='nifty_data_extraction' AIRFLOW_CTX_TASK_ID='extract_nifty_data' AIRFLOW_CTX_EXECUTION_DATE='2025-01-15T10:56:00+00:00' AIRFLOW_CTX_TRY_NUMBER='1' AIRFLOW_CTX_DAG_RUN_ID='scheduled__2025-01-15T10:56:00+00:00'
[2025-01-15T18:31:11.674+0000] {taskinstance.py:731} INFO - ::endgroup::
[2025-01-15T18:31:11.833+0000] {logging_mixin.py:190} INFO - Current time: 2025-01-16 00:01:11.833712+05:30
[2025-01-15T18:31:11.834+0000] {logging_mixin.py:190} INFO - Outside trading hours. Skipping task.
[2025-01-15T18:31:11.844+0000] {python.py:240} INFO - Done. Returned value was: None
[2025-01-15T18:31:11.923+0000] {taskinstance.py:340} INFO - ::group::Post task execution logs
[2025-01-15T18:31:11.926+0000] {taskinstance.py:352} INFO - Marking task as SUCCESS. dag_id=nifty_data_extraction, task_id=extract_nifty_data, run_id=scheduled__2025-01-15T10:56:00+00:00, execution_date=20250115T105600, start_date=20250115T183109, end_date=20250115T183111
[2025-01-15T18:31:12.133+0000] {local_task_job_runner.py:266} INFO - Task exited with return code 0
[2025-01-15T18:31:12.309+0000] {local_task_job_runner.py:245} INFO - ::endgroup::
