[2025-01-22T07:52:23.663+0000] {local_task_job_runner.py:123} INFO - ::group::Pre task execution logs
[2025-01-22T07:52:23.696+0000] {taskinstance.py:2613} INFO - Dependencies all met for dep_context=non-requeueable deps ti=<TaskInstance: joe_rogan_youtube_data.extract_jre_data manual__2025-01-22T07:47:18.085753+00:00 [queued]>
[2025-01-22T07:52:23.708+0000] {taskinstance.py:2613} INFO - Dependencies all met for dep_context=requeueable deps ti=<TaskInstance: joe_rogan_youtube_data.extract_jre_data manual__2025-01-22T07:47:18.085753+00:00 [queued]>
[2025-01-22T07:52:23.709+0000] {taskinstance.py:2866} INFO - Starting attempt 4 of 5
[2025-01-22T07:52:23.726+0000] {taskinstance.py:2889} INFO - Executing <Task(PythonOperator): extract_jre_data> on 2025-01-22 07:47:18.085753+00:00
[2025-01-22T07:52:23.740+0000] {standard_task_runner.py:72} INFO - Started process 86 to run task
[2025-01-22T07:52:23.749+0000] {standard_task_runner.py:104} INFO - Running: ['airflow', 'tasks', 'run', 'joe_rogan_youtube_data', 'extract_jre_data', 'manual__2025-01-22T07:47:18.085753+00:00', '--job-id', '12', '--raw', '--subdir', 'DAGS_FOLDER/joe_rogan_youtube_channel.py', '--cfg-path', '/tmp/tmp86w4p3_a']
[2025-01-22T07:52:23.755+0000] {standard_task_runner.py:105} INFO - Job 12: Subtask extract_jre_data
[2025-01-22T07:52:23.861+0000] {task_command.py:467} INFO - Running <TaskInstance: joe_rogan_youtube_data.extract_jre_data manual__2025-01-22T07:47:18.085753+00:00 [running]> on host a55b5599f1d6
[2025-01-22T07:52:24.046+0000] {taskinstance.py:3132} INFO - Exporting env vars: AIRFLOW_CTX_DAG_OWNER='Ballal' AIRFLOW_CTX_DAG_ID='joe_rogan_youtube_data' AIRFLOW_CTX_TASK_ID='extract_jre_data' AIRFLOW_CTX_EXECUTION_DATE='2025-01-22T07:47:18.085753+00:00' AIRFLOW_CTX_TRY_NUMBER='4' AIRFLOW_CTX_DAG_RUN_ID='manual__2025-01-22T07:47:18.085753+00:00'
[2025-01-22T07:52:24.051+0000] {taskinstance.py:731} INFO - ::endgroup::
[2025-01-22T07:52:24.076+0000] {__init__.py:49} INFO - file_cache is only supported with oauth2client<4.0.0
[2025-01-22T07:52:26.057+0000] {local_task_job_runner.py:127} ERROR - Received SIGTERM. Terminating subprocesses
[2025-01-22T07:52:26.059+0000] {process_utils.py:132} INFO - Sending 15 to group 86. PIDs of all processes in the group: [86]
[2025-01-22T07:52:26.059+0000] {process_utils.py:87} INFO - Sending the signal 15 to group 86
[2025-01-22T07:52:26.061+0000] {taskinstance.py:3093} ERROR - Received SIGTERM. Terminating subprocesses.
[2025-01-22T07:52:26.080+0000] {taskinstance.py:3311} ERROR - Task failed with exception
Traceback (most recent call last):
  File "/home/airflow/.local/lib/python3.11/site-packages/airflow/models/taskinstance.py", line 767, in _execute_task
    result = _execute_callable(context=context, **execute_callable_kwargs)
             ^^^^^^^^^^^^^^^^^^^^^^^^^^^^^^^^^^^^^^^^^^^^^^^^^^^^^^^^^^^^^
  File "/home/airflow/.local/lib/python3.11/site-packages/airflow/models/taskinstance.py", line 733, in _execute_callable
    return ExecutionCallableRunner(
           ^^^^^^^^^^^^^^^^^^^^^^^^
  File "/home/airflow/.local/lib/python3.11/site-packages/airflow/utils/operator_helpers.py", line 252, in run
    return self.func(*args, **kwargs)
           ^^^^^^^^^^^^^^^^^^^^^^^^^^
  File "/home/airflow/.local/lib/python3.11/site-packages/airflow/models/baseoperator.py", line 422, in wrapper
    return func(self, *args, **kwargs)
           ^^^^^^^^^^^^^^^^^^^^^^^^^^^
  File "/home/airflow/.local/lib/python3.11/site-packages/airflow/operators/python.py", line 238, in execute
    return_value = self.execute_callable()
                   ^^^^^^^^^^^^^^^^^^^^^^^
  File "/home/airflow/.local/lib/python3.11/site-packages/airflow/operators/python.py", line 256, in execute_callable
    return runner.run(*self.op_args, **self.op_kwargs)
           ^^^^^^^^^^^^^^^^^^^^^^^^^^^^^^^^^^^^^^^^^^^
  File "/home/airflow/.local/lib/python3.11/site-packages/airflow/utils/operator_helpers.py", line 252, in run
    return self.func(*args, **kwargs)
           ^^^^^^^^^^^^^^^^^^^^^^^^^^
  File "/opt/airflow/dags/joe_rogan_youtube_channel.py", line 100, in extract_jre_data
    videos = fetch_channel_videos(api_key, channel_id)
             ^^^^^^^^^^^^^^^^^^^^^^^^^^^^^^^^^^^^^^^^^
  File "/opt/airflow/dags/joe_rogan_youtube_channel.py", line 64, in fetch_channel_videos
    playlist_response = playlist_request.execute()
                        ^^^^^^^^^^^^^^^^^^^^^^^^^^
  File "/home/airflow/.local/lib/python3.11/site-packages/googleapiclient/_helpers.py", line 130, in positional_wrapper
    return wrapped(*args, **kwargs)
           ^^^^^^^^^^^^^^^^^^^^^^^^
  File "/home/airflow/.local/lib/python3.11/site-packages/googleapiclient/http.py", line 923, in execute
    resp, content = _retry_request(
                    ^^^^^^^^^^^^^^^
  File "/home/airflow/.local/lib/python3.11/site-packages/googleapiclient/http.py", line 191, in _retry_request
    resp, content = http.request(uri, method, *args, **kwargs)
                    ^^^^^^^^^^^^^^^^^^^^^^^^^^^^^^^^^^^^^^^^^^
  File "/home/airflow/.local/lib/python3.11/site-packages/httplib2/__init__.py", line 1724, in request
    (response, content) = self._request(
                          ^^^^^^^^^^^^^^
  File "/home/airflow/.local/lib/python3.11/site-packages/httplib2/__init__.py", line 1444, in _request
    (response, content) = self._conn_request(conn, request_uri, method, body, headers)
                          ^^^^^^^^^^^^^^^^^^^^^^^^^^^^^^^^^^^^^^^^^^^^^^^^^^^^^^^^^^^^
  File "/home/airflow/.local/lib/python3.11/site-packages/httplib2/__init__.py", line 1396, in _conn_request
    response = conn.getresponse()
               ^^^^^^^^^^^^^^^^^^
  File "/usr/local/lib/python3.11/http/client.py", line 1378, in getresponse
    response.begin()
  File "/usr/local/lib/python3.11/http/client.py", line 318, in begin
    version, status, reason = self._read_status()
                              ^^^^^^^^^^^^^^^^^^^
  File "/usr/local/lib/python3.11/http/client.py", line 279, in _read_status
    line = str(self.fp.readline(_MAXLINE + 1), "iso-8859-1")
               ^^^^^^^^^^^^^^^^^^^^^^^^^^^^^^
  File "/usr/local/lib/python3.11/socket.py", line 706, in readinto
    return self._sock.recv_into(b)
           ^^^^^^^^^^^^^^^^^^^^^^^
  File "/usr/local/lib/python3.11/ssl.py", line 1311, in recv_into
    return self.read(nbytes, buffer)
           ^^^^^^^^^^^^^^^^^^^^^^^^^
  File "/usr/local/lib/python3.11/ssl.py", line 1167, in read
    return self._sslobj.read(len, buffer)
           ^^^^^^^^^^^^^^^^^^^^^^^^^^^^^^
  File "/home/airflow/.local/lib/python3.11/site-packages/airflow/models/taskinstance.py", line 3095, in signal_handler
    raise AirflowTaskTerminated("Task received SIGTERM signal")
airflow.exceptions.AirflowTaskTerminated: Task received SIGTERM signal
[2025-01-22T07:52:26.091+0000] {taskinstance.py:1225} INFO - Marking task as UP_FOR_RETRY. dag_id=joe_rogan_youtube_data, task_id=extract_jre_data, run_id=manual__2025-01-22T07:47:18.085753+00:00, execution_date=20250122T074718, start_date=20250122T075223, end_date=20250122T075226
[2025-01-22T07:52:26.104+0000] {taskinstance.py:340} INFO - ::group::Post task execution logs
[2025-01-22T07:52:26.119+0000] {process_utils.py:80} INFO - Process psutil.Process(pid=86, status='terminated', exitcode=2, started='07:52:23') (86) terminated with exit code 2
[2025-01-22T07:52:26.119+0000] {local_task_job_runner.py:266} INFO - Task exited with return code 143
[2025-01-22T07:52:26.144+0000] {taskinstance.py:3895} INFO - 0 downstream tasks scheduled from follow-on schedule check
[2025-01-22T07:52:30.997+0000] {local_task_job_runner.py:123} INFO - ::group::Pre task execution logs
[2025-01-22T07:52:31.014+0000] {taskinstance.py:2603} INFO - Dependencies not met for <TaskInstance: joe_rogan_youtube_data.extract_jre_data manual__2025-01-22T07:47:18.085753+00:00 [up_for_retry]>, dependency 'Not In Retry Period' FAILED: Task is not ready for retry yet but will be retried automatically. Current date is 2025-01-22T07:52:31.014642+00:00 and task will be retried at 2025-01-22T07:53:26.090752+00:00.
[2025-01-22T07:52:31.020+0000] {local_task_job_runner.py:166} INFO - Task is not able to be run
